工作项目备份/hn-gly/proguard/seeds.txt
com.baidu.platform.comjni.engine.AppEngine
com.baidu.platform.comjni.engine.AppEngine: AppEngine()
com.baidu.platform.comjni.engine.AppEngine: void despatchMessage(int,int,int)
com.baidu.platform.comjni.engine.AppEngine: boolean InitEngine(android.content.Context,android.os.Bundle)
com.baidu.platform.comjni.engine.AppEngine: boolean UnInitEngine()
com.baidu.platform.comjni.engine.AppEngine: void SetProxyInfo(java.lang.String,int)
com.baidu.platform.comjni.engine.AppEngine: boolean StartSocketProc()
com.baidu.platform.comjni.engine.AppEngine: boolean GetFlaxLength(android.os.Bundle)
com.baidu.platform.comjni.engine.JNIEngine
com.baidu.platform.comjni.engine.JNIEngine: int initClass(java.lang.Object,int)
com.baidu.platform.comjni.engine.JNIEngine: boolean InitEngine(android.content.Context,android.os.Bundle)
com.baidu.platform.comjni.engine.JNIEngine: boolean UnInitEngine()
com.baidu.platform.comjni.engine.JNIEngine: void SetProxyInfo(java.lang.String,int)
com.baidu.platform.comjni.engine.JNIEngine: boolean StartSocketProc()
com.baidu.platform.comjni.engine.JNIEngine: boolean GetFlaxLength(android.os.Bundle)
com.baidu.platform.comjni.engine.a
com.baidu.platform.comjni.engine.a: android.util.SparseArray a
com.baidu.platform.comjni.engine.a: void a(int,android.os.Handler)
com.baidu.platform.comjni.engine.a: void b(int,android.os.Handler)
com.baidu.platform.comjni.engine.a: void a(int,int,int)
com.baidu.platform.comjni.engine.a: void a()
com.baidu.platform.comjni.engine.a: void <clinit>()
com.baidu.platform.comjni.map.basemap.BaseMapCallback
com.baidu.platform.comjni.map.basemap.BaseMapCallback: com.baidu.platform.comjni.map.basemap.BaseMapCallback a
com.baidu.platform.comjni.map.basemap.BaseMapCallback: BaseMapCallback()
com.baidu.platform.comjni.map.basemap.BaseMapCallback: boolean SetMapCallback(com.baidu.platform.comjni.map.basemap.BaseMapCallback)
com.baidu.platform.comjni.map.basemap.BaseMapCallback: int ReqLayerData(android.os.Bundle,int,int)
com.baidu.platform.comjni.map.basemap.JNIBaseMap
com.baidu.platform.comjni.map.basemap.JNIBaseMap: JNIBaseMap()
com.baidu.platform.comjni.map.basemap.JNIBaseMap: int Create()
com.baidu.platform.comjni.map.basemap.JNIBaseMap: int SetCallback(int,com.baidu.platform.comjni.map.basemap.BaseMapCallback)
com.baidu.platform.comjni.map.basemap.JNIBaseMap: int Release(int)
com.baidu.platform.comjni.map.basemap.JNIBaseMap: boolean Init(int,java.lang.String,java.lang.String,java.lang.String,java.lang.String,java.lang.String,java.lang.String,int,int,int,int,int,int)
com.baidu.platform.comjni.map.basemap.JNIBaseMap: void OnPause(int)
com.baidu.platform.comjni.map.basemap.JNIBaseMap: void OnResume(int)
com.baidu.platform.comjni.map.basemap.JNIBaseMap: void ResetImageRes(int)
com.baidu.platform.comjni.map.basemap.JNIBaseMap: void SetMapStatus(int,android.os.Bundle)
com.baidu.platform.comjni.map.basemap.JNIBaseMap: android.os.Bundle GetMapStatus(int)
com.baidu.platform.comjni.map.basemap.JNIBaseMap: void ShowSatelliteMap(int,boolean)
com.baidu.platform.comjni.map.basemap.JNIBaseMap: void ShowTrafficMap(int,boolean)
com.baidu.platform.comjni.map.basemap.JNIBaseMap: void ShowLayers(int,int,boolean)
com.baidu.platform.comjni.map.basemap.JNIBaseMap: void SetLayersClickable(int,int,boolean)
com.baidu.platform.comjni.map.basemap.JNIBaseMap: void UpdateLayers(int,int)
com.baidu.platform.comjni.map.basemap.JNIBaseMap: int AddLayer(int,int,int,java.lang.String)