工作项目备份/hn-gly/proguard/usage.txt
com.yifeng.hngly.ui.MainActivity:
    private android.widget.LinearLayout l_mryx
com.yifeng.hngly.ui.Manifest
com.yifeng.hngly.ui.Manifest$permission
com.yifeng.hngly.ui.MyListView:
    private static final java.lang.String TAG
    private static final int RELEASE_To_REFRESH
    private static final int PULL_To_REFRESH
    private static final int REFRESHING
    private static final int DONE
    private static final int LOADING
    private static final int RATIO
com.yifeng.hngly.ui.R:
    10:10:public R()
com.yifeng.hngly.ui.R$anim
com.yifeng.hngly.ui.R$array
com.yifeng.hngly.ui.R$attr
com.yifeng.hngly.ui.R$color
com.yifeng.hngly.ui.R$drawable
com.yifeng.hngly.ui.R$id
com.yifeng.hngly.ui.R$layout
com.yifeng.hngly.ui.R$menu
com.yifeng.hngly.ui.R$string
com.yifeng.hngly.ui.R$style
com.yifeng.hngly.ui.R$styleable:
    public static final int CircleFlowIndicator_activeColor
    public static final int CircleFlowIndicator_activeRadius
    public static final int CircleFlowIndicator_activeType
    public static final int CircleFlowIndicator_centered
    public static final int CircleFlowIndicator_circleSeparation
    public static final int CircleFlowIndicator_fadeOut
    public static final int CircleFlowIndicator_inactiveColor
    public static final int CircleFlowIndicator_inactiveType
    public static final int CircleFlowIndicator_radius
    public static final int Gallery1_android_galleryItemBackground
    public static final int LabelView_text
    public static final int LabelView_textColor
    public static final int LabelView_textSize
    public static final int TogglePrefAttrs_android_preferenceLayoutChild
    public static final int ViewFlow_sidebuffer
    1250:1250:public R$styleable()
com.yifeng.hngly.ui.ldlxx.IDCard:
    11:11:public IDCard()
    209:213:public static void main(java.lang.String[])
com.yifeng.hngly.ui.ldlxx.JyzkDetail:
    304:329:private void setButtonClisk(android.widget.TextView,java.lang.String[],java.lang.String)
    332:356:private varargs void setTextView(android.widget.TextView[])
com.yifeng.hngly.ui.ldlxx.JyzkDetail$5
com.yifeng.hngly.ui.ldlxx.JyzkDetail$6
com.yifeng.hngly.ui.ldlxx.LdlDetail:
    203:228:private void setButtonClisk(android.widget.EditText,java.lang.String[],java.lang.String)
com.yifeng.hngly.ui.ldlxx.LdlDetail$4
com.yifeng.hngly.ui.ldlxx.LdlDetail$4$1
com.yifeng.hngly.ui.ldlxx.LdlDetail$4$2
com.yifeng.hngly.ui.ldlxx.ParseData:
    10:10:public ParseData()
    243:263:public static void initDate(java.util.Map)
    266:280:public static java.util.Map pasreDate(java.lang.String)
com.yifeng.hngly.ui.ldlxx.PxyyDetail:
    184:209:private void setButtonClisk(android.widget.TextView,java.lang.String[],java.lang.String)
    212:236:private varargs void setTextView(android.widget.TextView[])
    33:33:static synthetic java.lang.String access$6(com.yifeng.hngly.ui.ldlxx.PxyyDetail)
com.yifeng.hngly.ui.ldlxx.PxyyDetail$4
com.yifeng.hngly.ui.ldlxx.PxyyDetail$4$1
com.yifeng.hngly.ui.ldlxx.PxyyDetail$4$2
com.yifeng.hngly.ui.ldlxx.PxyyDetail$5
com.yifeng.hngly.ui.ldlxx.QzyyDetail:
    172:197:private void setButtonClisk(android.widget.TextView,java.lang.String[],java.lang.String)
    200:224:private varargs void setTextView(android.widget.TextView[])
    34:34:static synthetic java.lang.String access$5(com.yifeng.hngly.ui.ldlxx.QzyyDetail)
com.yifeng.hngly.ui.ldlxx.QzyyDetail$4
com.yifeng.hngly.ui.ldlxx.QzyyDetail$4$1
com.yifeng.hngly.ui.ldlxx.QzyyDetail$4$2
com.yifeng.hngly.ui.ldlxx.QzyyDetail$5
com.yifeng.hngly.ui.ldlxx.ZyjsDetail:
    166:191:private void setButtonClisk(android.widget.TextView,java.lang.String[],java.lang.String)
    194:218:private varargs void setTextView(android.widget.TextView[])
    33:33:static synthetic java.lang.String access$6(com.yifeng.hngly.ui.ldlxx.ZyjsDetail)
com.yifeng.hngly.ui.ldlxx.ZyjsDetail$4
com.yifeng.hngly.ui.ldlxx.ZyjsDetail$4$1
com.yifeng.hngly.ui.ldlxx.ZyjsDetail$4$2
com.yifeng.hngly.ui.ldlxx.ZyjsDetail$5